[21:29:59] [main/INFO] (FabricLoader/GameProvider) Loading Minecraft 1.20.1 with Fabric Loader 0.17.3
[21:30:00] [main/INFO] (FabricLoader) Loading 95 mods:
	- architectury 9.2.14
	- c2me 0.2.0+alpha.11.16
	   |-- c2me-base 0.2.0+alpha.11.16
	   |-- c2me-client-uncapvd 0.2.0+alpha.11.16
	   |-- c2me-fixes-chunkio-threading-issues 0.2.0+alpha.11.16
	   |-- c2me-fixes-general-threading-issues 0.2.0+alpha.11.16
	   |-- c2me-fixes-worldgen-threading-issues 0.2.0+alpha.11.16
	   |-- c2me-fixes-worldgen-vanilla-bugs 0.2.0+alpha.11.16
	   |-- c2me-notickvd 0.2.0+alpha.11.16
	   |-- c2me-opts-allocs 0.2.0+alpha.11.16
	   |-- c2me-opts-chunk-access 0.2.0+alpha.11.16
	   |-- c2me-opts-chunkio 0.2.0+alpha.11.16
	   |-- c2me-opts-math 0.2.0+alpha.11.16
	   |-- c2me-opts-scheduling 0.2.0+alpha.11.16
	   |-- c2me-opts-worldgen-general 0.2.0+alpha.11.16
	   |-- c2me-opts-worldgen-vanilla 0.2.0+alpha.11.16
	   |-- c2me-rewrites-chunk-serializer 0.2.0+alpha.11.16
	   |-- c2me-rewrites-chunkio 0.2.0+alpha.11.16
	   |-- c2me-server-utils 0.2.0+alpha.11.16
	   |-- c2me-threading-chunkio 0.2.0+alpha.11.16
	   |-- c2me-threading-lighting 0.2.0+alpha.11.16
	   |-- c2me-threading-worldgen 0.2.0+alpha.11.16
	   |-- com_electronwill_night-config_core 3.6.5
	   |-- com_electronwill_night-config_toml 3.6.5
	   |-- com_ibm_async_asyncutil 0.1.0
	   |-- net_objecthunter_exp4j 0.4.8
	   \-- org_threadly_threadly 7.0
	- chunky 1.3.146
	- essential-container 1.0.0
	   \-- essential-loader 1.2.5
	- fabric-api 0.92.6+1.20.1
	- fabric-api-base 0.4.32+1802ada577
	- fabric-api-lookup-api-v1 1.6.37+1802ada577
	- fabric-biome-api-v1 13.0.14+1802ada577
	- fabric-block-api-v1 1.0.12+1802ada577
	- fabric-block-view-api-v2 1.0.3+924f046a77
	- fabric-blockrenderlayer-v1 1.1.42+1802ada577
	- fabric-client-tags-api-v1 1.1.3+1802ada577
	- fabric-command-api-v1 1.2.35+f71b366f77
	- fabric-command-api-v2 2.2.14+1802ada577
	- fabric-commands-v0 0.2.52+df3654b377
	- fabric-containers-v0 0.1.67+df3654b377
	- fabric-content-registries-v0 4.0.13+1802ada577
	- fabric-convention-tags-v1 1.5.6+1802ada577
	- fabric-crash-report-info-v1 0.2.20+1802ada577
	- fabric-data-attachment-api-v1 1.0.2+de0fd6d177
	- fabric-data-generation-api-v1 12.3.7+1802ada577
	- fabric-dimensions-v1 2.1.55+1802ada577
	- fabric-entity-events-v1 1.6.1+1c78457f77
	- fabric-events-interaction-v0 0.6.5+13a40c6677
	- fabric-events-lifecycle-v0 0.2.64+df3654b377
	- fabric-game-rule-api-v1 1.0.41+1802ada577
	- fabric-gametest-api-v1 1.2.15+1802ada577
	- fabric-item-api-v1 2.1.29+1802ada577
	- fabric-item-group-api-v1 4.0.14+1802ada577
	- fabric-key-binding-api-v1 1.0.38+1802ada577
	- fabric-keybindings-v0 0.2.36+df3654b377
	- fabric-language-kotlin 1.12.1+kotlin.2.0.20
	- fabric-lifecycle-events-v1 2.2.23+1802ada577
	- fabric-loot-api-v2 1.2.3+1802ada577
	- fabric-loot-tables-v1 1.1.47+9e7660c677
	- fabric-message-api-v1 5.1.10+1802ada577
	- fabric-mining-level-api-v1 2.1.52+1802ada577
	- fabric-model-loading-api-v1 1.0.4+1802ada577
	- fabric-models-v0 0.4.3+9386d8a777
	- fabric-networking-api-v1 1.3.14+a158aa0477
	- fabric-networking-v0 0.3.54+df3654b377
	- fabric-object-builder-api-v1 11.1.5+e35120df77
	- fabric-particles-v1 1.1.3+1802ada577
	- fabric-permissions-api-v0 0.3.1
	- fabric-recipe-api-v1 1.0.24+1802ada577
	- fabric-registry-sync-v0 2.3.6+1802ada577
	- fabric-renderer-api-v1 3.2.2+1802ada577
	- fabric-renderer-indigo 1.5.3+85287f9f77
	- fabric-renderer-registries-v1 3.2.47+df3654b377
	- fabric-rendering-data-attachment-v1 0.3.39+92a0d36777
	- fabric-rendering-fluids-v1 3.0.29+1802ada577
	- fabric-rendering-v0 1.1.50+df3654b377
	- fabric-rendering-v1 3.0.9+1802ada577
	- fabric-resource-conditions-api-v1 2.3.9+1802ada577
	- fabric-resource-loader-v0 0.11.12+fb82e9d777
	- fabric-screen-api-v1 2.0.9+1802ada577
	- fabric-screen-handler-api-v1 1.3.33+1802ada577
	- fabric-sound-api-v1 1.0.14+1802ada577
	- fabric-transfer-api-v1 3.3.6+8dd72ea377
	- fabric-transitive-access-wideners-v1 4.3.2+1802ada577
	- fabricloader 0.17.3
	- ferritecore 6.0.1
	- fzzy_config 0.7.3+1.20.1
	- java 23
	- minecraft 1.20.1
	- mixinextras 0.5.0
	- modmenu 7.2.2
	- velthoric 0.3.1
	- vetheroac 0.3
[21:30:08] [main/INFO] (FabricLoader/Mixin) SpongePowered MIXIN Subsystem Version=0.8.7 Source=file:/C:/Users/Lucas/.gradle/caches/modules-2/files-2.1/net.fabricmc/sponge-mixin/0.16.5+mixin.0.8.7/80fc3a9f592673cea87f4cd702f87991c6c9fe4d/sponge-mixin-0.16.5+mixin.0.8.7.jar Service=Knot/Fabric Env=CLIENT
[21:30:08] [main/INFO] (FabricLoader/Mixin) Loaded Fabric development mappings for mixin remapper!
[21:30:08] [main/INFO] (FabricLoader/Mixin) Compatibility level set to JAVA_17
[21:30:09] [main/INFO] (C2ME Modules Manager) Initializing com.ishland.c2me.server.utils.mixin
[21:30:09] [main/INFO] (C2ME Modules Manager) Initializing com.ishland.c2me.opts.worldgen.vanilla.mixin
[21:30:09] [main/INFO] (C2ME Modules Manager) Initializing com.ishland.c2me.rewrites.chunkio.mixin
[21:30:09] [main/INFO] (C2ME Modules Manager) Initializing com.ishland.c2me.opts.chunkio.mixin
[21:30:09] [main/INFO] (C2ME Modules Manager) Initializing com.ishland.c2me.threading.chunkio.mixin
[21:30:09] [main/INFO] (C2ME Modules Manager) Initializing com.ishland.c2me.opts.worldgen.general.mixin
[21:30:09] [main/INFO] (C2ME Modules Manager) Initializing com.ishland.c2me.opts.chunk_access.mixin
[21:30:09] [main/INFO] (C2ME Modules Manager) Initializing com.ishland.c2me.base.mixin
[21:30:09] [main/INFO] (C2ME Modules Manager) Initializing com.ishland.c2me.fixes.general.threading_issues.mixin
[21:30:09] [main/INFO] (C2ME Modules Manager) Initializing com.ishland.c2me.threading.lighting.mixin
[21:30:09] [main/INFO] (C2ME Modules Manager) Initializing com.ishland.c2me.client.uncapvd.mixin
[21:30:09] [main/INFO] (C2ME Modules Manager) Initializing com.ishland.c2me.fixes.worldgen.threading_issues.mixin
[21:30:09] [main/INFO] (C2ME Modules Manager) Initializing com.ishland.c2me.fixes.chunkio.threading_issues.mixin
[21:30:09] [main/INFO] (C2ME Modules Manager) Initializing com.ishland.c2me.notickvd.mixin
[21:30:09] [main/INFO] (C2ME Modules Manager) Initializing com.ishland.c2me.fixes.worldgen.vanilla_bugs.mixin
[21:30:09] [main/INFO] (C2ME Modules Manager) Initializing com.ishland.c2me.rewrites.chunk_serializer.mixin
[21:30:09] [main/INFO] (C2ME Config System) Disabling config ioSystem.gcFreeChunkSerializer: Incompatible with architectury@9.2.14 (*) (defined in c2me)
[21:30:09] [main/INFO] (C2ME Modules Manager) Disabling com.ishland.c2me.rewrites.chunk_serializer.mixin
[21:30:09] [main/INFO] (C2ME Modules Manager) Initializing com.ishland.c2me.opts.scheduling.mixin
[21:30:09] [main/INFO] (C2ME Modules Manager) Initializing com.ishland.c2me.opts.math.mixin
[21:30:09] [main/INFO] (C2ME Modules Manager) Initializing com.ishland.c2me.opts.allocs.mixin
[21:30:09] [main/INFO] (C2ME Modules Manager) Initializing com.ishland.c2me.threading.worldgen.mixin
[21:30:10] [main/WARN] (FabricLoader/Mixin) Error loading class: me/jellysquid/mods/sodium/client/gui/SodiumGameOptionPages (java.lang.ClassNotFoundException: me/jellysquid/mods/sodium/client/gui/SodiumGameOptionPages)
[21:30:10] [main/WARN] (FabricLoader/Mixin) Error loading class: net/caffeinemc/sodium/config/user/UserConfigCategories (java.lang.ClassNotFoundException: net/caffeinemc/sodium/config/user/UserConfigCategories)
[21:30:11] [main/INFO] (EssentialLoaderBase) Starting Essential Loader (stage2) version 1.6.6 (64b13bbd248a9bb10a3dc68389eacdcc) [stable]
[21:30:12] [main/INFO] (Essential Logger - Plugin) Starting Essential v1.3.9.2 (#a263b344a3) [stable]
[21:30:12] [main/INFO] (Essential Logger - Plugin) Java: OpenJDK 64-Bit Server VM (v23-valhalla) by Oracle Corporation (Oracle Corporation)
[21:30:12] [main/INFO] (Essential Logger - Plugin) Java Path: C:\Users\Lucas\.jdks\valhalla-ea-23-valhalla+1-90\bin
[21:30:12] [main/INFO] (Essential Logger - Plugin) Java Info: mixed mode, sharing
[21:30:12] [main/INFO] (Essential Logger - Plugin) JVM Arguments: 
  - -Xmx8G
  - -Xms4G
  - -Ddebugger.agent.enable.coroutines=true
  - -Dfabric.dli.config=C:\Users\Lucas\Desktop\ModdingFiles\Vetheroac\.gradle\loom-cache\launch.cfg
  - -Dfabric.dli.env=client
  - -Dfabric.dli.main=net.fabricmc.loader.impl.launch.knot.KnotClient
  - -Dkotlinx.coroutines.debug.enable.creation.stack.trace=false
  - -Dkotlinx.coroutines.debug.enable.flows.stack.trace=true
  - -Dkotlinx.coroutines.debug.enable.mutable.state.flows.stack.trace=true
  - -agentlib:jdwp=transport=dt_socket,server=n,suspend=y,address=127.0.0.1:61852
  - -javaagent:C:\Users\Lucas\AppData\Local\JetBrains\IdeaIC2025.2\captureAgent\debugger-agent.jar=file:///C:/Users/Lucas/AppData/Local/Temp/capture11375668647341588199.props
  - -Dfile.encoding=UTF-8
  - -Duser.country=US
  - -Duser.language=en
  - -Duser.variant
[21:30:12] [main/INFO] (Essential Logger - Plugin) OS: Windows 11 (v10.0) (Arch: amd64)
[21:30:12] [main/INFO] (FabricLoader/MixinExtras|Service) Initializing MixinExtras via com.llamalad7.mixinextras.service.MixinExtrasServiceImpl(version=0.5.0).
[21:30:18] [Datafixer Bootstrap/INFO] (Minecraft) 188 Datafixer optimizations took 196 milliseconds
[21:30:21] [Render thread/INFO] (Minecraft) [STDERR]: [LWJGL] [ThreadLocalUtil] Unsupported JNI version detected, this may result in a crash. Please inform LWJGL developers.
[21:30:21] [Render thread/INFO] (Minecraft) Environment: authHost='https://authserver.mojang.com', accountsHost='https://api.mojang.com', sessionHost='https://sessionserver.mojang.com', servicesHost='https://api.minecraftservices.com', name='PROD'
[21:30:22] [Render thread/ERROR] (Minecraft) Failed to verify authentication
com.mojang.authlib.exceptions.InvalidCredentialsException: Status: 401
	at com.mojang.authlib.exceptions.MinecraftClientHttpException.toAuthenticationException(MinecraftClientHttpException.java:56) ~[authlib-4.0.43.jar:?]
	at com.mojang.authlib.yggdrasil.YggdrasilUserApiService.fetchProperties(YggdrasilUserApiService.java:156) ~[authlib-4.0.43.jar:?]
	at com.mojang.authlib.yggdrasil.YggdrasilUserApiService.<init>(YggdrasilUserApiService.java:55) ~[authlib-4.0.43.jar:?]
	at com.mojang.authlib.yggdrasil.YggdrasilAuthenticationService.createUserApiService(YggdrasilAuthenticationService.java:124) ~[authlib-4.0.43.jar:?]
	at net.minecraft.client.MinecraftClient.createUserApiService(MinecraftClient.java:733) ~[minecraft-merged-bf575f6df2-1.20.1-net.fabricmc.yarn.1_20_1.1.20.1+build.10-v2.jar:?]
	at net.minecraft.client.MinecraftClient.<init>(MinecraftClient.java:442) ~[minecraft-merged-bf575f6df2-1.20.1-net.fabricmc.yarn.1_20_1.1.20.1+build.10-v2.jar:?]
	at net.minecraft.client.main.Main.main(Main.java:211) ~[minecraft-merged-bf575f6df2-1.20.1-net.fabricmc.yarn.1_20_1.1.20.1+build.10-v2.jar:?]
	at net.fabricmc.loader.impl.game.minecraft.MinecraftGameProvider.launch(MinecraftGameProvider.java:506) ~[fabric-loader-0.17.3.jar:?]
	at net.fabricmc.loader.impl.launch.knot.Knot.launch(Knot.java:72) ~[fabric-loader-0.17.3.jar:?]
	at net.fabricmc.loader.impl.launch.knot.KnotClient.main(KnotClient.java:23) ~[fabric-loader-0.17.3.jar:?]
	at net.fabricmc.devlaunchinjector.Main.main(Main.java:86) ~[dev-launch-injector-0.2.1+build.8.jar:?]
Caused by: com.mojang.authlib.exceptions.MinecraftClientHttpException: Status: 401
	at com.mojang.authlib.minecraft.client.MinecraftClient.readInputStream(MinecraftClient.java:85) ~[authlib-4.0.43.jar:?]
	at com.mojang.authlib.minecraft.client.MinecraftClient.get(MinecraftClient.java:48) ~[authlib-4.0.43.jar:?]
	at com.mojang.authlib.yggdrasil.YggdrasilUserApiService.fetchProperties(YggdrasilUserApiService.java:129) ~[authlib-4.0.43.jar:?]
	... 9 more
[21:30:22] [Render thread/INFO] (Minecraft) Setting user: Player738
[21:30:23] [Render thread/INFO] (Essential - DI) Starting DI!
[21:30:23] [Render thread/INFO] (Essential - Connection) Authenticating to Mojang as Player738 (74489f5c-5bce-3f80-9a7b-77c68ca90330)
[21:30:23] [Essential Thread 8/WARN] (FabricLoader/Mixin) Error loading class: net/optifine/reflect/Reflector (java.lang.ClassNotFoundException: net/optifine/reflect/Reflector)
[21:30:23] [Essential Thread 8/WARN] (FabricLoader/Mixin) Error loading class: net/optifine/reflect/Reflector (java.lang.ClassNotFoundException: net/optifine/reflect/Reflector)
[21:30:23] [DefaultDispatcher-worker-3/INFO] (Essential - Connection) Session token appears to be invalid, trying to automatically refresh it
[21:30:23] [Render thread/INFO] (Minecraft) [STDOUT]: Registering Modded
[21:30:25] [Render thread/INFO] (fzzy_config) Loaded config vetheroac:vetheroac in 1234ms
[21:30:25] [Render thread/ERROR] (Minecraft) No data fixer registered for rex8916
[21:30:25] [Render thread/ERROR] (Minecraft) No data fixer registered for warriar
[21:30:25] [Render thread/ERROR] (Minecraft) No data fixer registered for mounting_entity
[21:30:25] [Render thread/INFO] (NetworkManagerImpl) Registering C2S receiver with id velthoric:main_channel/31b88d8fee3b3682a7a236d9ae362b2b
[21:30:25] [Render thread/INFO] (NetworkManagerImpl) Registering S2C receiver with id velthoric:main_channel/31b88d8fee3b3682a7a236d9ae362b2b
[21:30:25] [Render thread/INFO] (NetworkManagerImpl) Registering C2S receiver with id velthoric:main_channel/dde5cff6fe983764b89e409564e4571c
[21:30:25] [Render thread/INFO] (NetworkManagerImpl) Registering S2C receiver with id velthoric:main_channel/dde5cff6fe983764b89e409564e4571c
[21:30:25] [Render thread/INFO] (NetworkManagerImpl) Registering C2S receiver with id velthoric:main_channel/64646559d7ed3d78b1ef082ea7082d34
[21:30:25] [Render thread/INFO] (NetworkManagerImpl) Registering S2C receiver with id velthoric:main_channel/64646559d7ed3d78b1ef082ea7082d34
[21:30:25] [Render thread/INFO] (NetworkManagerImpl) Registering C2S receiver with id velthoric:main_channel/33746189d14933dfba41e012efb94fc7
[21:30:25] [Render thread/INFO] (NetworkManagerImpl) Registering S2C receiver with id velthoric:main_channel/33746189d14933dfba41e012efb94fc7
[21:30:25] [Render thread/INFO] (NetworkManagerImpl) Registering C2S receiver with id velthoric:main_channel/8324ff51806a3d33a7ed4194562bb48f
[21:30:25] [Render thread/INFO] (NetworkManagerImpl) Registering S2C receiver with id velthoric:main_channel/8324ff51806a3d33a7ed4194562bb48f
[21:30:25] [Render thread/INFO] (NetworkManagerImpl) Registering C2S receiver with id velthoric:main_channel/e9706c1d1c4c39bf989f63ee04798542
[21:30:25] [Render thread/INFO] (NetworkManagerImpl) Registering S2C receiver with id velthoric:main_channel/e9706c1d1c4c39bf989f63ee04798542
[21:30:25] [Render thread/INFO] (NetworkManagerImpl) Registering C2S receiver with id velthoric:main_channel/e8783aba49e13aa9973a607a2387a9de
[21:30:25] [Render thread/INFO] (NetworkManagerImpl) Registering S2C receiver with id velthoric:main_channel/e8783aba49e13aa9973a607a2387a9de
[21:30:25] [Render thread/INFO] (NetworkManagerImpl) Registering C2S receiver with id velthoric:main_channel/a3f2d31d6b663a43be7e04d31caa1389
[21:30:25] [Render thread/INFO] (NetworkManagerImpl) Registering S2C receiver with id velthoric:main_channel/a3f2d31d6b663a43be7e04d31caa1389
[21:30:25] [Render thread/INFO] (NetworkManagerImpl) Registering C2S receiver with id velthoric:main_channel/01fac1980a72345e9ff652bccb7c4f7c
[21:30:25] [Render thread/INFO] (NetworkManagerImpl) Registering S2C receiver with id velthoric:main_channel/01fac1980a72345e9ff652bccb7c4f7c
[21:30:25] [Render thread/INFO] (NetworkManagerImpl) Registering C2S receiver with id velthoric:main_channel/efa7cb954c64308ba3238f97b26b7aff
[21:30:25] [Render thread/INFO] (NetworkManagerImpl) Registering S2C receiver with id velthoric:main_channel/efa7cb954c64308ba3238f97b26b7aff
[21:30:25] [Render thread/INFO] (NetworkManagerImpl) Registering C2S receiver with id velthoric:main_channel/d4576ae1cf553ab4924b55dc4635c80c
[21:30:25] [Render thread/INFO] (NetworkManagerImpl) Registering S2C receiver with id velthoric:main_channel/d4576ae1cf553ab4924b55dc4635c80c
[21:30:25] [Render thread/INFO] (NetworkManagerImpl) Registering C2S receiver with id velthoric:main_channel/7fa5a55de52b3c4eaacd9e9d91b3c5c9
[21:30:25] [Render thread/INFO] (NetworkManagerImpl) Registering S2C receiver with id velthoric:main_channel/7fa5a55de52b3c4eaacd9e9d91b3c5c9
[21:30:25] [Render thread/INFO] (NetworkManagerImpl) Registering C2S receiver with id velthoric:main_channel/4a3dae75b77431f598d870186a1ec2c7
[21:30:25] [Render thread/INFO] (NetworkManagerImpl) Registering S2C receiver with id velthoric:main_channel/4a3dae75b77431f598d870186a1ec2c7
[21:30:25] [Render thread/INFO] (Indigo) [Indigo] Registering Indigo renderer!
[21:30:25] [Worker-Main-1/INFO] (Mod Menu/Update Checker) Checking mod updates...
[21:30:26] [Render thread/INFO] (fzzy_config) Loaded config fzzy_config:keybinds in 57ms
[21:30:26] [Render thread/INFO] (NetworkManagerImpl) Registering S2C receiver with id architectury:spawn_entity_packet
[21:30:26] [Render thread/INFO] (Essential Logger) OptiFine not detected.
[21:30:26] [Render thread/INFO] (Minecraft) Backend library: LWJGL version 3.3.2-snapshot
[21:30:27] [Render thread/ERROR] (Essential Logger) Failed to refresh session: Unknown account
[21:30:27] [Render thread/INFO] (Essential - Connection) Failed to authenticate to Mojang, waiting for new user-supplied session token
[21:30:28] [Render thread/INFO] (Minecraft) Reloading ResourceManager: vanilla, fabric (fabric-command-api-v1, fabric-mining-level-api-v1, c2me, fabric-loot-api-v2, fabric-model-loading-api-v1, fabric-data-attachment-api-v1, fabric-networking-v0, essential-loader, fabric-events-interaction-v0, fabric-resource-conditions-api-v1, fabric-rendering-v0, fabric-sound-api-v1, fabric-screen-handler-api-v1, fabric-api, fabric-blockrenderlayer-v1, fabric-particles-v1, chunky, fabric-networking-api-v1, fabric-crash-report-info-v1, fabric-item-api-v1, fabric-loot-tables-v1, fabric-gametest-api-v1, fabric-recipe-api-v1, fabric-api-lookup-api-v1, fabric-renderer-indigo, fabric-message-api-v1, fabric-transitive-access-wideners-v1, fabric-block-api-v1, fabric-content-registries-v0, fabric-biome-api-v1, fabric-language-kotlin, fabric-lifecycle-events-v1, vetheroac, fabric-rendering-v1, fabric-screen-api-v1, fabric-object-builder-api-v1, modmenu, fabric-key-binding-api-v1, fabric-api-base, fzzy_config, fabric-registry-sync-v0, fabric-client-tags-api-v1, fabric-game-rule-api-v1, velthoric, fabric-events-lifecycle-v0, fabric-entity-events-v1, fabric-containers-v0, fabric-resource-loader-v0, fabric-command-api-v2, fabric-item-group-api-v1, fabric-keybindings-v0, fabric-dimensions-v1, essential-container, fabricloader, fabric-commands-v0, fabric-data-generation-api-v1, fabric-transfer-api-v1, fabric-models-v0, fabric-renderer-api-v1, fabric-rendering-data-attachment-v1, fabric-rendering-fluids-v1, fabric-convention-tags-v1, fabric-renderer-registries-v1, fabric-block-view-api-v2, essential), Essential Assets, essential
[21:30:29] [Worker-Main-6/INFO] (Minecraft) Found unifont_all_no_pua-15.0.06.hex, loading
[21:30:29] [Worker-Main-2/WARN] (Minecraft) Texture vetheroac:block/warriar_tnt with size 8x8 limits mip level from 4 to 3
[21:30:29] [Worker-Main-2/WARN] (Minecraft) minecraft:textures/atlas/blocks.png: dropping miplevel from 4 to 3, because of minimum power of two: 8
[21:30:29] [Realms Notification Availability checker #1/INFO] (Minecraft) Could not authorize you against Realms server: java.lang.RuntimeException: Failed to parse into SignedJWT: FabricMC
[21:30:31] [Render thread/WARN] (Minecraft) Missing sound for event: minecraft:item.goat_horn.play
[21:30:31] [Render thread/WARN] (Minecraft) Missing sound for event: minecraft:entity.goat.screaming.horn_break
[21:30:31] [Render thread/INFO] (Minecraft) OpenAL initialized on device OpenAL Soft on Headphones (Realtek(R) Audio)
[21:30:31] [Render thread/INFO] (Minecraft) Sound engine started
[21:30:31] [Render thread/INFO] (Minecraft) Created: 1024x512x3 minecraft:textures/atlas/blocks.png-atlas
[21:30:31] [Render thread/INFO] (Minecraft) Created: 256x256x4 minecraft:textures/atlas/signs.png-atlas
[21:30:31] [Render thread/INFO] (Minecraft) Created: 512x512x4 minecraft:textures/atlas/shield_patterns.png-atlas
[21:30:31] [Render thread/INFO] (Minecraft) Created: 512x512x4 minecraft:textures/atlas/banner_patterns.png-atlas
[21:30:31] [Render thread/INFO] (Minecraft) Created: 1024x1024x4 minecraft:textures/atlas/armor_trims.png-atlas
[21:30:31] [Render thread/INFO] (Minecraft) Created: 256x256x4 minecraft:textures/atlas/chest.png-atlas
[21:30:31] [Render thread/INFO] (Minecraft) Created: 128x64x4 minecraft:textures/atlas/decorated_pot.png-atlas
[21:30:31] [Render thread/INFO] (Minecraft) Created: 512x256x4 minecraft:textures/atlas/beds.png-atlas
[21:30:31] [Render thread/INFO] (Minecraft) Created: 512x256x4 minecraft:textures/atlas/shulker_boxes.png-atlas
[21:30:31] [Render thread/WARN] (Minecraft) Shader rendertype_entity_translucent_emissive could not find sampler named Sampler2 in the specified shader program.
[21:30:31] [Render thread/INFO] (Minecraft) Created: 256x256x0 minecraft:textures/atlas/particles.png-atlas
[21:30:31] [Render thread/INFO] (Minecraft) Created: 256x256x0 minecraft:textures/atlas/paintings.png-atlas
[21:30:31] [Render thread/INFO] (Minecraft) Created: 128x128x0 minecraft:textures/atlas/mob_effects.png-atlas
[21:30:34] [Render thread/WARN] (Minecraft) Shader cabb2374eda405e66b897908637abd1da5deac52 could not find uniform named subpixel_amount in the specified shader program.
[21:30:38] [Render thread/INFO] (Minecraft) Loaded 7 recipes
[21:30:38] [Render thread/INFO] (Minecraft) Loaded 1271 advancements
[21:30:39] [Render thread/INFO] (BiomeModificationImpl) Applied 0 biome modifications to 0 of 64 new biomes in 1.616 ms
[21:30:39] [Server thread/INFO] (Velthoric) Initialized Velthoric Persistence Manager with 4 I/O threads.
[21:30:39] [Server thread/INFO] (Minecraft) Starting integrated minecraft server version 1.20.1
[21:30:39] [Server thread/INFO] (Minecraft) Generating keypair
[21:30:39] [Server thread/INFO] (CheckedThreadLocalRandom) Enforcing safe world random access
[21:30:40] [Server thread/INFO] (Minecraft) Preparing start region for dimension minecraft:overworld
[21:30:41] [Render thread/INFO] (Minecraft) Preparing spawn area: 0%
[21:30:41] [Render thread/INFO] (Minecraft) Preparing spawn area: 5%
[21:30:41] [Render thread/INFO] (Minecraft) Preparing spawn area: 62%
[21:30:42] [Render thread/INFO] (Minecraft) Time elapsed: 1431 ms
[21:30:42] [Server thread/INFO] (Minecraft) Changing view distance to 12, from 10
[21:30:42] [Server thread/INFO] (Minecraft) Changing simulation distance to 5, from 0
[21:30:43] [Server thread/INFO] (Minecraft) Player738[local:E:d000f11e] logged in with entity id 299 at (-4.31686939630976, 80.9233320408726, -2.762087163223397)
[21:30:43] [Server thread/INFO] (Minecraft) Player738 joined the game
[21:30:44] [Render thread/INFO] (Minecraft) [System] [CHAT] [Vetheroac] Hello there, Vetheroac here, the first 1 or 2 explosions may be a little buggy, this mod is still in alpha and so is the api, farewell Player738
[21:30:44] [Render thread/INFO] (Minecraft) Loaded 2 advancements
[21:31:05] [Server thread/INFO] (Minecraft) [Player738: Summoned new WARRIAR]
[21:31:05] [Render thread/INFO] (Minecraft) [System] [CHAT] Summoned new WARRIAR
[21:31:18] [Server thread/INFO] (Minecraft) [Player738: Removed 362 physics bodies.]
[21:31:18] [Render thread/INFO] (Minecraft) [System] [CHAT] Removed 362 physics bodies.
[21:31:22] [Server thread/INFO] (Minecraft) [Player738: Killed 326 entities]
[21:31:22] [Render thread/INFO] (Minecraft) [System] [CHAT] Killed 326 entities
[21:31:23] [Server thread/INFO] (Minecraft) Saving and pausing game...
[21:31:23] [Server thread/INFO] (Minecraft) Saving chunks for level 'ServerLevel[New World]'/minecraft:overworld
[21:31:24] [Server thread/INFO] (Minecraft) Saving chunks for level 'ServerLevel[New World]'/minecraft:the_nether
[21:31:24] [Server thread/INFO] (Minecraft) Saving chunks for level 'ServerLevel[New World]'/minecraft:the_end
[21:31:25] [Server thread/INFO] (Minecraft) Player738 lost connection: Disconnected
[21:31:25] [Server thread/INFO] (Minecraft) Player738 left the game
[21:31:25] [Server thread/INFO] (Minecraft) Stopping singleplayer server as player logged out
[21:31:25] [Server thread/INFO] (Minecraft) Stopping server
[21:31:25] [Server thread/INFO] (Minecraft) Saving players
[21:31:25] [Server thread/INFO] (Minecraft) Saving worlds
[21:31:25] [Server thread/INFO] (Minecraft) Saving chunks for level 'ServerLevel[New World]'/minecraft:overworld
[21:31:25] [Server thread/INFO] (Minecraft) Saving chunks for level 'ServerLevel[New World]'/minecraft:the_nether
[21:31:25] [Server thread/INFO] (Minecraft) Saving chunks for level 'ServerLevel[New World]'/minecraft:the_end
[21:31:25] [Server thread/INFO] (Minecraft) ThreadedAnvilChunkStorage (New World): All chunks are saved
[21:31:25] [Server thread/INFO] (Minecraft) ThreadedAnvilChunkStorage (DIM-1): All chunks are saved
[21:31:25] [Server thread/INFO] (Minecraft) ThreadedAnvilChunkStorage (DIM1): All chunks are saved
[21:31:25] [Server thread/INFO] (Minecraft) ThreadedAnvilChunkStorage: All dimensions are saved
[21:31:25] [C2ME Storage #3/INFO] (C2ME Storage) Storage thread Thread[#150,C2ME Storage #3,8,main] stopped
[21:31:25] [C2ME Storage #6/INFO] (C2ME Storage) Storage thread Thread[#153,C2ME Storage #6,8,main] stopped
[21:31:25] [C2ME Storage #9/INFO] (C2ME Storage) Storage thread Thread[#156,C2ME Storage #9,8,main] stopped
[21:31:27] [Render thread/INFO] (Minecraft) Stopping!
